<?xml version="1.0" encoding="utf-8"?><testsuites name="pytest tests"><testsuite name="pytest" errors="0" failures="0" skipped="0" tests="6" time="0.946" timestamp="2026-07-28T08:43:45.790945+00:00" hostname="agent-env-0d9c190a-9da9-4df9-b110-fa0e4ac0b44c"><testcase classname="backend.tests.test_avatar_flow.TestPlayerListShape" name="test_get_players_returns_avatar_file_id_key" time="0.264" /><testcase classname="backend.tests.test_avatar_flow.TestPlayerListShape" name="test_josh_ankermann_exists" time="0.045" /><testcase classname="backend.tests.test_avatar_flow.TestAvatarPersistence" name="test_raw_endpoint_serves_image" time="0.204" /><testcase classname="backend.tests.test_avatar_flow.TestAvatarPersistence" name="test_patch_contact_sets_avatar_file_id" time="0.042" /><testcase classname="backend.tests.test_avatar_flow.TestAvatarPersistence" name="test_avatar_file_id_visible_in_get_players" time="0.040" /><testcase classname="backend.tests.test_avatar_flow.TestLoginRegression" name="test_josh_login_still_works" time="0.290" /></testsuite></testsuites>