<?xml version="1.0" encoding="utf-8"?><testsuites name="pytest tests"><testsuite name="pytest" errors="0" failures="2" skipped="0" tests="23" time="3.283" timestamp="2026-07-27T05:49:11.322241+00:00" hostname="agent-env-0d9c190a-9da9-4df9-b110-fa0e4ac0b44c"><testcase classname="backend.tests.test_tus_api.TestPlayers" name="test_get_players_18_and_no_hash_leak" time="0.145" /><testcase classname="backend.tests.test_tus_api.TestEvents" name="test_events_sorted_and_thursday_trainings_19_00" time="0.059" /><testcase classname="backend.tests.test_tus_api.TestEvents" name="test_create_event_treffen_and_persist" time="0.088" /><testcase classname="backend.tests.test_tus_api.TestEvents" name="test_create_event_invalid_type_400" time="0.038" /><testcase classname="backend.tests.test_tus_api.TestAttendanceRsvp" name="test_attendance_list" time="0.038" /><testcase classname="backend.tests.test_tus_api.TestAttendanceRsvp" name="test_rsvp_upsert" time="0.173" /><testcase classname="backend.tests.test_tus_api.TestAttendanceRsvp" name="test_rsvp_invalid_400" time="0.079" /><testcase classname="backend.tests.test_tus_api.TestAttendanceRsvp" name="test_driving_toggle_persists" time="0.108" /><testcase classname="backend.tests.test_tus_api.TestAttendanceRsvp" name="test_beer_toggle_persists" time="0.165" /><testcase classname="backend.tests.test_tus_api.TestStats" name="test_stats" time="0.040" /><testcase classname="backend.tests.test_tus_api.TestHolidays" name="test_holidays_bw" time="0.039" /><testcase classname="backend.tests.test_tus_api.TestLeague" name="test_league_table_shape" time="0.624" /><testcase classname="backend.tests.test_tus_api.TestChat" name="test_send_team_message_and_get" time="0.124" /><testcase classname="backend.tests.test_tus_api.TestChat" name="test_empty_message_400" time="0.042" /><testcase classname="backend.tests.test_tus_api.TestChat" name="test_direct_message_flow_and_unread" time="0.272" /><testcase classname="backend.tests.test_tus_api.TestChat" name="test_conversations_shape" time="0.056" /><testcase classname="backend.tests.test_tus_api.TestChat" name="test_push_register" time="0.119" /><testcase classname="backend.tests.test_tus_api.TestAuth" name="test_login_filip_known" time="0.081"><failure message="AssertionError: {&quot;detail&quot;:&quot;Kein Passwort gesetzt&quot;}&#10;assert 404 == 200&#10; +  where 404 = &lt;Response [404]&gt;.status_code">backend/tests/test_tus_api.py:217: in test_login_filip_known
    assert r.status_code == 200, r.text
E   AssertionError: {"detail":"Kein Passwort gesetzt"}
E   assert 404 == 200
E    +  where 404 = &lt;Response [404]&gt;.status_code</failure></testcase><testcase classname="backend.tests.test_tus_api.TestAuth" name="test_login_wrong_password_401" time="0.041"><failure message="assert 404 == 401&#10; +  where 404 = &lt;Response [404]&gt;.status_code">backend/tests/test_tus_api.py:222: in test_login_wrong_password_401
    assert r.status_code == 401
E   assert 404 == 401
E    +  where 404 = &lt;Response [404]&gt;.status_code</failure></testcase><testcase classname="backend.tests.test_tus_api.TestAuth" name="test_set_password_then_second_time_400" time="0.537" /><testcase classname="backend.tests.test_tus_api.TestAuth" name="test_set_password_too_short_400" time="0.077" /><testcase classname="backend.tests.test_tus_api.TestContact" name="test_patch_contact" time="0.118" /><testcase classname="backend.tests.test_tus_api.TestContact" name="test_patch_status_admin" time="0.116" /></testsuite></testsuites>